<?xml version="1.0" encoding="UTF-8"?>
<coverage generated="1632509049590" clover="3.2.0">
  <project timestamp="1632509049590" name="All files">
    <metrics statements="8" coveredstatements="7" conditionals="10" coveredconditionals="10" methods="5" coveredmethods="4" elements="23" coveredelements="21" complexity="0" loc="8" ncloc="8" packages="1" files="1" classes="1"/>
    <file name="isLikelyDeterministic.ts" path="/Users/lmonninger/Desktop/Dev/cogint/packages/Test/determinismus/src/Determinismus/isLikelyDeterministic.ts">
      <metrics statements="8" coveredstatements="7" conditionals="10" coveredconditionals="10" methods="5" coveredmethods="4"/>
      <line num="21" count="1" type="stmt"/>
      <line num="25" count="992" type="stmt"/>
      <line num="27" count="51009" type="stmt"/>
      <line num="29" count="51009" type="cond" truecount="2" falsecount="0"/>
      <line num="31" count="2576366" type="cond" truecount="2" falsecount="0"/>
      <line num="57" count="1" type="stmt"/>
      <line num="61" count="992" type="stmt"/>
      <line num="66" count="0" type="stmt"/>
    </file>
  </project>
</coverage>
