{"/Users/lmonninger/Desktop/Dev/cogint/packages/Test/determinismus/src/Determinismus/isLikelyDeterministic.ts": {"path":"/Users/lmonninger/Desktop/Dev/cogint/packages/Test/determinismus/src/Determinismus/isLikelyDeterministic.ts","statementMap":{"0":{"start":{"line":21,"column":31},"end":{"line":38,"column":1}},"1":{"start":{"line":25,"column":4},"end":{"line":36,"column":12}},"2":{"start":{"line":27,"column":21},"end":{"line":27,"column":42}},"3":{"start":{"line":29,"column":8},"end":{"line":33,"column":16}},"4":{"start":{"line":31,"column":12},"end":{"line":31,"column":73}},"5":{"start":{"line":57,"column":37},"end":{"line":69,"column":1}},"6":{"start":{"line":61,"column":4},"end":{"line":67,"column":6}},"7":{"start":{"line":66,"column":68},"end":{"line":66,"column":75}}},"fnMap":{"0":{"name":"(anonymous_0)","decl":{"start":{"line":21,"column":31},"end":{"line":21,"column":32}},"loc":{"start":{"line":23,"column":14},"end":{"line":38,"column":1}},"line":23},"1":{"name":"(anonymous_1)","decl":{"start":{"line":25,"column":49},"end":{"line":25,"column":50}},"loc":{"start":{"line":25,"column":57},"end":{"line":36,"column":5}},"line":25},"2":{"name":"(anonymous_2)","decl":{"start":{"line":29,"column":61},"end":{"line":29,"column":62}},"loc":{"start":{"line":29,"column":69},"end":{"line":33,"column":9}},"line":29},"3":{"name":"(anonymous_3)","decl":{"start":{"line":57,"column":37},"end":{"line":57,"column":38}},"loc":{"start":{"line":59,"column":14},"end":{"line":69,"column":1}},"line":59},"4":{"name":"(anonymous_4)","decl":{"start":{"line":66,"column":28},"end":{"line":66,"column":29}},"loc":{"start":{"line":66,"column":68},"end":{"line":66,"column":75}},"line":66}},"branchMap":{"0":{"loc":{"start":{"line":29,"column":15},"end":{"line":33,"column":16}},"type":"binary-expr","locations":[{"start":{"line":29,"column":15},"end":{"line":29,"column":19}},{"start":{"line":29,"column":23},"end":{"line":33,"column":16}}],"line":29},"1":{"loc":{"start":{"line":31,"column":19},"end":{"line":31,"column":72}},"type":"binary-expr","locations":[{"start":{"line":31,"column":19},"end":{"line":31,"column":23}},{"start":{"line":31,"column":27},"end":{"line":31,"column":72}}],"line":31},"2":{"loc":{"start":{"line":63,"column":16},"end":{"line":63,"column":49}},"type":"cond-expr","locations":[{"start":{"line":63,"column":31},"end":{"line":63,"column":43}},{"start":{"line":63,"column":46},"end":{"line":63,"column":49}}],"line":63},"3":{"loc":{"start":{"line":64,"column":16},"end":{"line":64,"column":49}},"type":"cond-expr","locations":[{"start":{"line":64,"column":31},"end":{"line":64,"column":43}},{"start":{"line":64,"column":46},"end":{"line":64,"column":49}}],"line":64},"4":{"loc":{"start":{"line":65,"column":24},"end":{"line":66,"column":75}},"type":"cond-expr","locations":[{"start":{"line":65,"column":47},"end":{"line":65,"column":67}},{"start":{"line":66,"column":28},"end":{"line":66,"column":75}}],"line":65}},"s":{"0":1,"1":520,"2":25747,"3":25747,"4":1348598,"5":1,"6":520,"7":0},"f":{"0":520,"1":25747,"2":1348598,"3":520,"4":0},"b":{"0":[25747,25554],"1":[1348598,1348459],"2":[513,7],"3":[514,6],"4":[518,2]},"_coverageSchema":"1a1c01bbd47fc00a2c39e90264f33305004495a9","hash":"8f5944ec43f96149c5a5da4fd06f3e5de7764ea3"}
}
