TN:
SF:src/Determinismus/seemsDeterministic.ts
FN:21,(anonymous_0)
FN:25,(anonymous_1)
FN:29,(anonymous_2)
FN:57,(anonymous_3)
FN:66,(anonymous_4)
FNF:5
FNH:4
FNDA:976,(anonymous_0)
FNDA:49185,(anonymous_1)
FNDA:2425687,(anonymous_2)
FNDA:976,(anonymous_3)
FNDA:0,(anonymous_4)
DA:21,1
DA:25,976
DA:27,49185
DA:29,49185
DA:31,2425687
DA:57,1
DA:61,976
DA:66,0
LF:8
LH:7
BRDA:29,0,0,49185
BRDA:29,0,1,49048
BRDA:31,1,0,2425687
BRDA:31,1,1,2425567
BRDA:63,2,0,967
BRDA:63,2,1,9
BRDA:64,3,0,965
BRDA:64,3,1,11
BRDA:65,4,0,974
BRDA:65,4,1,2
BRF:10
BRH:10
end_of_record
