TN:
SF:src/Determinismus/isLikelyDeterministic.ts
FN:21,(anonymous_0)
FN:25,(anonymous_1)
FN:29,(anonymous_2)
FN:57,(anonymous_3)
FN:66,(anonymous_4)
FNF:5
FNH:4
FNDA:520,(anonymous_0)
FNDA:25747,(anonymous_1)
FNDA:1348598,(anonymous_2)
FNDA:520,(anonymous_3)
FNDA:0,(anonymous_4)
DA:21,1
DA:25,520
DA:27,25747
DA:29,25747
DA:31,1348598
DA:57,1
DA:61,520
DA:66,0
LF:8
LH:7
BRDA:29,0,0,25747
BRDA:29,0,1,25554
BRDA:31,1,0,1348598
BRDA:31,1,1,1348459
BRDA:63,2,0,513
BRDA:63,2,1,7
BRDA:64,3,0,514
BRDA:64,3,1,6
BRDA:65,4,0,518
BRDA:65,4,1,2
BRF:10
BRH:10
end_of_record
